<?xml version="1.0" encoding="UTF-8"?>
<!-- Generated by org.testng.reporters.JUnitReportReporter -->
<testsuite skipped="0" hostname="Welcome" name="com.first.Firsttest" tests="1" failures="0" timestamp="20 Mar 2018 01:19:39 GMT" time="5.214" errors="0">
  <testcase name="verifyingpage" time="5.214" classname="com.first.Firsttest"/>
</testsuite> <!-- com.first.Firsttest -->
